  Game.cpp
C:\Users\maxen\source\repos\ZeldaLike\ZeldaLike\TileMap.h(31,87): warning C4244: 'argument': conversion from 'T' to 'T', possible loss of data
C:\Users\maxen\source\repos\ZeldaLike\ZeldaLike\TileMap.h(31,87): warning C4244:         with
C:\Users\maxen\source\repos\ZeldaLike\ZeldaLike\TileMap.h(31,87): warning C4244:         [
C:\Users\maxen\source\repos\ZeldaLike\ZeldaLike\TileMap.h(31,87): warning C4244:             T=float
C:\Users\maxen\source\repos\ZeldaLike\ZeldaLike\TileMap.h(31,87): warning C4244:         ]
C:\Users\maxen\source\repos\ZeldaLike\ZeldaLike\TileMap.h(31,87): warning C4244:         and
C:\Users\maxen\source\repos\ZeldaLike\ZeldaLike\TileMap.h(31,87): warning C4244:         [
C:\Users\maxen\source\repos\ZeldaLike\ZeldaLike\TileMap.h(31,87): warning C4244:             T=int
C:\Users\maxen\source\repos\ZeldaLike\ZeldaLike\TileMap.h(31,87): warning C4244:         ]
  (compiling source file 'Game.cpp')
  
C:\Users\maxen\source\repos\ZeldaLike\ZeldaLike\TileMap.h(31,59): warning C4244: 'argument': conversion from 'T' to 'T', possible loss of data
C:\Users\maxen\source\repos\ZeldaLike\ZeldaLike\TileMap.h(31,59): warning C4244:         with
C:\Users\maxen\source\repos\ZeldaLike\ZeldaLike\TileMap.h(31,59): warning C4244:         [
C:\Users\maxen\source\repos\ZeldaLike\ZeldaLike\TileMap.h(31,59): warning C4244:             T=float
C:\Users\maxen\source\repos\ZeldaLike\ZeldaLike\TileMap.h(31,59): warning C4244:         ]
C:\Users\maxen\source\repos\ZeldaLike\ZeldaLike\TileMap.h(31,59): warning C4244:         and
C:\Users\maxen\source\repos\ZeldaLike\ZeldaLike\TileMap.h(31,59): warning C4244:         [
C:\Users\maxen\source\repos\ZeldaLike\ZeldaLike\TileMap.h(31,59): warning C4244:             T=int
C:\Users\maxen\source\repos\ZeldaLike\ZeldaLike\TileMap.h(31,59): warning C4244:         ]
  (compiling source file 'Game.cpp')
  
C:\Users\maxen\source\repos\ZeldaLike\ZeldaLike\Player.h(63,61): warning C4244: 'argument': conversion from 'T' to 'float', possible loss of data
C:\Users\maxen\source\repos\ZeldaLike\ZeldaLike\Player.h(63,61): warning C4244:         with
C:\Users\maxen\source\repos\ZeldaLike\ZeldaLike\Player.h(63,61): warning C4244:         [
C:\Users\maxen\source\repos\ZeldaLike\ZeldaLike\Player.h(63,61): warning C4244:             T=int
C:\Users\maxen\source\repos\ZeldaLike\ZeldaLike\Player.h(63,61): warning C4244:         ]
  (compiling source file 'Game.cpp')
  
C:\Users\maxen\source\repos\ZeldaLike\ZeldaLike\Player.h(63,43): warning C4244: 'argument': conversion from 'T' to 'float', possible loss of data
C:\Users\maxen\source\repos\ZeldaLike\ZeldaLike\Player.h(63,43): warning C4244:         with
C:\Users\maxen\source\repos\ZeldaLike\ZeldaLike\Player.h(63,43): warning C4244:         [
C:\Users\maxen\source\repos\ZeldaLike\ZeldaLike\Player.h(63,43): warning C4244:             T=int
C:\Users\maxen\source\repos\ZeldaLike\ZeldaLike\Player.h(63,43): warning C4244:         ]
  (compiling source file 'Game.cpp')
  
C:\Users\maxen\source\repos\ZeldaLike\ZeldaLike\Game.cpp(14,68): warning C4244: 'argument': conversion from 'T' to 'unsigned int', possible loss of data
C:\Users\maxen\source\repos\ZeldaLike\ZeldaLike\Game.cpp(14,68): warning C4244:         with
C:\Users\maxen\source\repos\ZeldaLike\ZeldaLike\Game.cpp(14,68): warning C4244:         [
C:\Users\maxen\source\repos\ZeldaLike\ZeldaLike\Game.cpp(14,68): warning C4244:             T=float
C:\Users\maxen\source\repos\ZeldaLike\ZeldaLike\Game.cpp(14,68): warning C4244:         ]
C:\Users\maxen\source\repos\ZeldaLike\ZeldaLike\Game.cpp(14,50): warning C4244: 'argument': conversion from 'T' to 'unsigned int', possible loss of data
C:\Users\maxen\source\repos\ZeldaLike\ZeldaLike\Game.cpp(14,50): warning C4244:         with
C:\Users\maxen\source\repos\ZeldaLike\ZeldaLike\Game.cpp(14,50): warning C4244:         [
C:\Users\maxen\source\repos\ZeldaLike\ZeldaLike\Game.cpp(14,50): warning C4244:             T=float
C:\Users\maxen\source\repos\ZeldaLike\ZeldaLike\Game.cpp(14,50): warning C4244:         ]
C:\Users\maxen\source\repos\ZeldaLike\ZeldaLike\Player.h(38): warning C4717: 'Player::PlayerWon': recursive on all control paths, function will cause runtime stack overflow
  ZeldaLike.vcxproj -> C:\Users\maxen\source\repos\ZeldaLike\x64\Debug\ZeldaLike.exe
